{"total": {"lines":{"total":10012,"covered":7234,"skipped":0,"pct":72.25},"statements":{"total":10012,"covered":7234,"skipped":0,"pct":72.25},"functions":{"total":280,"covered":231,"skipped":0,"pct":82.5},"branches":{"total":1580,"covered":1082,"skipped":0,"pct":68.48},"branchesTrue":{"total":0,"covered":0,"skipped":0,"pct":100}}
,"C:\\reps\\1cviewer\\src\\constants\\metadataDefaultValues.ts": {"lines":{"total":136,"covered":136,"skipped":0,"pct":100},"functions":{"total":2,"covered":2,"skipped":0,"pct":100},"statements":{"total":136,"covered":136,"skipped":0,"pct":100},"branches":{"total":8,"covered":8,"skipped":0,"pct":100}}
,"C:\\reps\\1cviewer\\src\\constants\\metadataTypeReferenceKinds.ts": {"lines":{"total":52,"covered":52,"skipped":0,"pct":100},"functions":{"total":0,"covered":0,"skipped":0,"pct":100},"statements":{"total":52,"covered":52,"skipped":0,"pct":100},"branches":{"total":0,"covered":0,"skipped":0,"pct":100}}
,"C:\\reps\\1cviewer\\src\\formEditor\\formEditorTitle.ts": {"lines":{"total":72,"covered":70,"skipped":0,"pct":97.22},"functions":{"total":1,"covered":1,"skipped":0,"pct":100},"statements":{"total":72,"covered":70,"skipped":0,"pct":97.22},"branches":{"total":9,"covered":8,"skipped":0,"pct":88.88}}
,"C:\\reps\\1cviewer\\src\\formEditor\\formModel.ts": {"lines":{"total":106,"covered":106,"skipped":0,"pct":100},"functions":{"total":3,"covered":3,"skipped":0,"pct":100},"statements":{"total":106,"covered":106,"skipped":0,"pct":100},"branches":{"total":5,"covered":5,"skipped":0,"pct":100}}
,"C:\\reps\\1cviewer\\src\\formEditor\\formModelCommands.ts": {"lines":{"total":308,"covered":283,"skipped":0,"pct":91.88},"functions":{"total":11,"covered":11,"skipped":0,"pct":100},"statements":{"total":308,"covered":283,"skipped":0,"pct":91.88},"branches":{"total":104,"covered":78,"skipped":0,"pct":75}}
,"C:\\reps\\1cviewer\\src\\formEditor\\formModelUtils.ts": {"lines":{"total":114,"covered":114,"skipped":0,"pct":100},"functions":{"total":10,"covered":10,"skipped":0,"pct":100},"statements":{"total":114,"covered":114,"skipped":0,"pct":100},"branches":{"total":55,"covered":39,"skipped":0,"pct":70.9}}
,"C:\\reps\\1cviewer\\src\\formEditor\\formTreeOperations.ts": {"lines":{"total":145,"covered":142,"skipped":0,"pct":97.93},"functions":{"total":9,"covered":9,"skipped":0,"pct":100},"statements":{"total":145,"covered":142,"skipped":0,"pct":97.93},"branches":{"total":66,"covered":55,"skipped":0,"pct":83.33}}
,"C:\\reps\\1cviewer\\src\\formEditor\\formXmlParser.ts": {"lines":{"total":388,"covered":366,"skipped":0,"pct":94.32},"functions":{"total":14,"covered":14,"skipped":0,"pct":100},"statements":{"total":388,"covered":366,"skipped":0,"pct":94.32},"branches":{"total":140,"covered":81,"skipped":0,"pct":57.85}}
,"C:\\reps\\1cviewer\\src\\formEditor\\formXmlWriter.ts": {"lines":{"total":231,"covered":144,"skipped":0,"pct":62.33},"functions":{"total":6,"covered":5,"skipped":0,"pct":83.33},"statements":{"total":231,"covered":144,"skipped":0,"pct":62.33},"branches":{"total":45,"covered":22,"skipped":0,"pct":48.88}}
,"C:\\reps\\1cviewer\\src\\models\\treeNode.ts": {"lines":{"total":91,"covered":91,"skipped":0,"pct":100},"functions":{"total":0,"covered":0,"skipped":0,"pct":100},"statements":{"total":91,"covered":91,"skipped":0,"pct":100},"branches":{"total":1,"covered":1,"skipped":0,"pct":100}}
,"C:\\reps\\1cviewer\\src\\parsers\\designerParser.ts": {"lines":{"total":1195,"covered":628,"skipped":0,"pct":52.55},"functions":{"total":19,"covered":11,"skipped":0,"pct":57.89},"statements":{"total":1195,"covered":628,"skipped":0,"pct":52.55},"branches":{"total":99,"covered":50,"skipped":0,"pct":50.5}}
,"C:\\reps\\1cviewer\\src\\parsers\\edtParser.ts": {"lines":{"total":753,"covered":112,"skipped":0,"pct":14.87},"functions":{"total":14,"covered":0,"skipped":0,"pct":0},"statements":{"total":753,"covered":112,"skipped":0,"pct":14.87},"branches":{"total":0,"covered":0,"skipped":0,"pct":100}}
,"C:\\reps\\1cviewer\\src\\parsers\\formatDetector.ts": {"lines":{"total":281,"covered":228,"skipped":0,"pct":81.13},"functions":{"total":8,"covered":8,"skipped":0,"pct":100},"statements":{"total":281,"covered":228,"skipped":0,"pct":81.13},"branches":{"total":51,"covered":34,"skipped":0,"pct":66.66}}
,"C:\\reps\\1cviewer\\src\\parsers\\metadataParser.ts": {"lines":{"total":185,"covered":111,"skipped":0,"pct":60},"functions":{"total":7,"covered":4,"skipped":0,"pct":57.14},"statements":{"total":185,"covered":111,"skipped":0,"pct":60},"branches":{"total":14,"covered":10,"skipped":0,"pct":71.42}}
,"C:\\reps\\1cviewer\\src\\parsers\\subsystemTreeBuilder.ts": {"lines":{"total":247,"covered":215,"skipped":0,"pct":87.04},"functions":{"total":8,"covered":8,"skipped":0,"pct":100},"statements":{"total":247,"covered":215,"skipped":0,"pct":87.04},"branches":{"total":91,"covered":61,"skipped":0,"pct":67.03}}
,"C:\\reps\\1cviewer\\src\\parsers\\typeParser.ts": {"lines":{"total":322,"covered":274,"skipped":0,"pct":85.09},"functions":{"total":11,"covered":10,"skipped":0,"pct":90.9},"statements":{"total":322,"covered":274,"skipped":0,"pct":85.09},"branches":{"total":71,"covered":56,"skipped":0,"pct":78.87}}
,"C:\\reps\\1cviewer\\src\\parsers\\xmlChildObjects.ts": {"lines":{"total":123,"covered":83,"skipped":0,"pct":67.47},"functions":{"total":5,"covered":4,"skipped":0,"pct":80},"statements":{"total":123,"covered":83,"skipped":0,"pct":67.47},"branches":{"total":31,"covered":20,"skipped":0,"pct":64.51}}
,"C:\\reps\\1cviewer\\src\\parsers\\xmlParser.ts": {"lines":{"total":206,"covered":177,"skipped":0,"pct":85.92},"functions":{"total":10,"covered":8,"skipped":0,"pct":80},"statements":{"total":206,"covered":177,"skipped":0,"pct":85.92},"branches":{"total":28,"covered":20,"skipped":0,"pct":71.42}}
,"C:\\reps\\1cviewer\\src\\rolesEditor\\filterUtils.ts": {"lines":{"total":75,"covered":75,"skipped":0,"pct":100},"functions":{"total":1,"covered":1,"skipped":0,"pct":100},"statements":{"total":75,"covered":75,"skipped":0,"pct":100},"branches":{"total":15,"covered":15,"skipped":0,"pct":100}}
,"C:\\reps\\1cviewer\\src\\rolesEditor\\rightsUpdateUtils.ts": {"lines":{"total":223,"covered":217,"skipped":0,"pct":97.3},"functions":{"total":5,"covered":5,"skipped":0,"pct":100},"statements":{"total":223,"covered":217,"skipped":0,"pct":97.3},"branches":{"total":32,"covered":29,"skipped":0,"pct":90.62}}
,"C:\\reps\\1cviewer\\src\\rolesEditor\\rightsValidator.ts": {"lines":{"total":162,"covered":162,"skipped":0,"pct":100},"functions":{"total":6,"covered":6,"skipped":0,"pct":100},"statements":{"total":162,"covered":162,"skipped":0,"pct":100},"branches":{"total":16,"covered":16,"skipped":0,"pct":100}}
,"C:\\reps\\1cviewer\\src\\rolesEditor\\roleXmlParser.ts": {"lines":{"total":576,"covered":489,"skipped":0,"pct":84.89},"functions":{"total":13,"covered":13,"skipped":0,"pct":100},"statements":{"total":576,"covered":489,"skipped":0,"pct":84.89},"branches":{"total":113,"covered":72,"skipped":0,"pct":63.71}}
,"C:\\reps\\1cviewer\\src\\rolesEditor\\roleXmlSerializer.ts": {"lines":{"total":233,"covered":226,"skipped":0,"pct":96.99},"functions":{"total":5,"covered":5,"skipped":0,"pct":100},"statements":{"total":233,"covered":226,"skipped":0,"pct":96.99},"branches":{"total":22,"covered":20,"skipped":0,"pct":90.9}}
,"C:\\reps\\1cviewer\\src\\rolesEditor\\models\\filterState.ts": {"lines":{"total":39,"covered":39,"skipped":0,"pct":100},"functions":{"total":1,"covered":1,"skipped":0,"pct":100},"statements":{"total":39,"covered":39,"skipped":0,"pct":100},"branches":{"total":1,"covered":1,"skipped":0,"pct":100}}
,"C:\\reps\\1cviewer\\src\\rolesEditor\\models\\index.ts": {"lines":{"total":8,"covered":8,"skipped":0,"pct":100},"functions":{"total":0,"covered":0,"skipped":0,"pct":100},"statements":{"total":8,"covered":8,"skipped":0,"pct":100},"branches":{"total":0,"covered":0,"skipped":0,"pct":100}}
,"C:\\reps\\1cviewer\\src\\rolesEditor\\models\\metadataObject.ts": {"lines":{"total":36,"covered":36,"skipped":0,"pct":100},"functions":{"total":0,"covered":0,"skipped":0,"pct":100},"statements":{"total":36,"covered":36,"skipped":0,"pct":100},"branches":{"total":0,"covered":0,"skipped":0,"pct":100}}
,"C:\\reps\\1cviewer\\src\\rolesEditor\\models\\roleModel.ts": {"lines":{"total":142,"covered":142,"skipped":0,"pct":100},"functions":{"total":2,"covered":2,"skipped":0,"pct":100},"statements":{"total":142,"covered":142,"skipped":0,"pct":100},"branches":{"total":4,"covered":4,"skipped":0,"pct":100}}
,"C:\\reps\\1cviewer\\src\\rolesEditor\\models\\webviewMessage.ts": {"lines":{"total":108,"covered":108,"skipped":0,"pct":100},"functions":{"total":0,"covered":0,"skipped":0,"pct":100},"statements":{"total":108,"covered":108,"skipped":0,"pct":100},"branches":{"total":0,"covered":0,"skipped":0,"pct":100}}
,"C:\\reps\\1cviewer\\src\\services\\configurationXmlUpdater.ts": {"lines":{"total":228,"covered":196,"skipped":0,"pct":85.96},"functions":{"total":4,"covered":4,"skipped":0,"pct":100},"statements":{"total":228,"covered":196,"skipped":0,"pct":85.96},"branches":{"total":63,"covered":42,"skipped":0,"pct":66.66}}
,"C:\\reps\\1cviewer\\src\\services\\designerTemplateRepository.ts": {"lines":{"total":33,"covered":33,"skipped":0,"pct":100},"functions":{"total":2,"covered":2,"skipped":0,"pct":100},"statements":{"total":33,"covered":33,"skipped":0,"pct":100},"branches":{"total":5,"covered":5,"skipped":0,"pct":100}}
,"C:\\reps\\1cviewer\\src\\services\\designerTemplateSubstitutor.ts": {"lines":{"total":33,"covered":33,"skipped":0,"pct":100},"functions":{"total":2,"covered":2,"skipped":0,"pct":100},"statements":{"total":33,"covered":33,"skipped":0,"pct":100},"branches":{"total":2,"covered":2,"skipped":0,"pct":100}}
,"C:\\reps\\1cviewer\\src\\services\\elementOperations.ts": {"lines":{"total":474,"covered":360,"skipped":0,"pct":75.94},"functions":{"total":8,"covered":7,"skipped":0,"pct":87.5},"statements":{"total":474,"covered":360,"skipped":0,"pct":75.94},"branches":{"total":76,"covered":42,"skipped":0,"pct":55.26}}
,"C:\\reps\\1cviewer\\src\\services\\internalInfoGenerator.ts": {"lines":{"total":128,"covered":89,"skipped":0,"pct":69.53},"functions":{"total":5,"covered":5,"skipped":0,"pct":100},"statements":{"total":128,"covered":89,"skipped":0,"pct":69.53},"branches":{"total":24,"covered":15,"skipped":0,"pct":62.5}}
,"C:\\reps\\1cviewer\\src\\services\\metaDataObjectRootNormalizer.ts": {"lines":{"total":11,"covered":11,"skipped":0,"pct":100},"functions":{"total":1,"covered":1,"skipped":0,"pct":100},"statements":{"total":11,"covered":11,"skipped":0,"pct":100},"branches":{"total":3,"covered":3,"skipped":0,"pct":100}}
,"C:\\reps\\1cviewer\\src\\utils\\XMLWriter.ts": {"lines":{"total":1679,"covered":934,"skipped":0,"pct":55.62},"functions":{"total":37,"covered":31,"skipped":0,"pct":83.78},"statements":{"total":1679,"covered":934,"skipped":0,"pct":55.62},"branches":{"total":264,"covered":160,"skipped":0,"pct":60.6}}
,"C:\\reps\\1cviewer\\src\\utils\\configHelpers.ts": {"lines":{"total":59,"covered":59,"skipped":0,"pct":100},"functions":{"total":3,"covered":3,"skipped":0,"pct":100},"statements":{"total":59,"covered":59,"skipped":0,"pct":100},"branches":{"total":19,"covered":18,"skipped":0,"pct":94.73}}
,"C:\\reps\\1cviewer\\src\\utils\\elementNameValidator.ts": {"lines":{"total":66,"covered":66,"skipped":0,"pct":100},"functions":{"total":1,"covered":1,"skipped":0,"pct":100},"statements":{"total":66,"covered":66,"skipped":0,"pct":100},"branches":{"total":15,"covered":15,"skipped":0,"pct":100}}
,"C:\\reps\\1cviewer\\src\\utils\\logger.ts": {"lines":{"total":118,"covered":102,"skipped":0,"pct":86.44},"functions":{"total":11,"covered":9,"skipped":0,"pct":81.81},"statements":{"total":118,"covered":102,"skipped":0,"pct":86.44},"branches":{"total":26,"covered":22,"skipped":0,"pct":84.61}}
,"C:\\reps\\1cviewer\\src\\utils\\metadataTypeMapper.ts": {"lines":{"total":70,"covered":68,"skipped":0,"pct":97.14},"functions":{"total":3,"covered":2,"skipped":0,"pct":66.66},"statements":{"total":70,"covered":68,"skipped":0,"pct":97.14},"branches":{"total":3,"covered":2,"skipped":0,"pct":66.66}}
,"C:\\reps\\1cviewer\\src\\utils\\referenceFinder.ts": {"lines":{"total":147,"covered":138,"skipped":0,"pct":93.87},"functions":{"total":7,"covered":7,"skipped":0,"pct":100},"statements":{"total":147,"covered":138,"skipped":0,"pct":93.87},"branches":{"total":24,"covered":19,"skipped":0,"pct":79.16}}
,"C:\\reps\\1cviewer\\src\\utils\\typeFormatter.ts": {"lines":{"total":102,"covered":102,"skipped":0,"pct":100},"functions":{"total":6,"covered":6,"skipped":0,"pct":100},"statements":{"total":102,"covered":102,"skipped":0,"pct":100},"branches":{"total":20,"covered":20,"skipped":0,"pct":100}}
,"C:\\reps\\1cviewer\\src\\utils\\xmlPropertyUtils.ts": {"lines":{"total":26,"covered":24,"skipped":0,"pct":92.3},"functions":{"total":1,"covered":1,"skipped":0,"pct":100},"statements":{"total":26,"covered":24,"skipped":0,"pct":92.3},"branches":{"total":4,"covered":2,"skipped":0,"pct":50}}
,"C:\\reps\\1cviewer\\test\\helpers\\testHelpers.ts": {"lines":{"total":281,"covered":185,"skipped":0,"pct":65.83},"functions":{"total":18,"covered":9,"skipped":0,"pct":50},"statements":{"total":281,"covered":185,"skipped":0,"pct":65.83},"branches":{"total":11,"covered":10,"skipped":0,"pct":90.9}}
}
